[1.114s] DEBUG:colcon:Command line arguments: ['/usr/bin/colcon', 'list', '-p', '--base-paths', '/home/athimet/FRA532_Exam']
[1.114s] DEBUG:colcon:Parsed command line arguments: Namespace(log_base=None, log_level=None, verb_name='list', build_base='build', ignore_user_meta=False, metas=['./colcon.meta'], base_paths=['/home/athimet/FRA532_Exam'], packages_ignore=None, packages_ignore_regex=None, paths=None, packages_up_to=None, packages_up_to_regex=None, packages_above=None, packages_above_and_dependencies=None, packages_above_depth=None, packages_select_by_dep=None, packages_skip_by_dep=None, packages_skip_up_to=None, packages_select_build_failed=False, packages_skip_build_finished=False, packages_select_test_failures=False, packages_skip_test_passed=False, packages_select=None, packages_skip=None, packages_select_regex=None, packages_skip_regex=None, packages_start=None, packages_end=None, allow_overriding=[], topological_order=False, names_only=False, paths_only=True, topological_graph=False, topological_graph_dot=False, topological_graph_density=False, topological_graph_legend=False, topological_graph_dot_cluster=False, topological_graph_dot_include_skipped=False, verb_parser=<colcon_defaults.argument_parser.defaults.DefaultArgumentsDecorator object at 0x7f2439d82560>, verb_extension=<colcon_package_information.verb.list.ListVerb object at 0x7f2439cf8670>, main=<bound method ListVerb.main of <colcon_package_information.verb.list.ListVerb object at 0x7f2439cf8670>>)
[1.190s] Level 1:colcon.colcon_core.package_discovery:discover_packages(colcon_meta) check parameters
[1.190s] Level 1:colcon.colcon_core.package_discovery:discover_packages(recursive) check parameters
[1.191s] Level 1:colcon.colcon_core.package_discovery:discover_packages(ignore) check parameters
[1.191s] Level 1:colcon.colcon_core.package_discovery:discover_packages(path) check parameters
[1.191s] Level 1:colcon.colcon_core.package_discovery:discover_packages(recursive) discover
[1.191s] INFO:colcon.colcon_core.package_discovery:Crawling recursively for packages in '/home/athimet/FRA532_Exam'
[1.191s] Level 1:colcon.colcon_core.package_identification:_identify(/home/athimet/FRA532_Exam) by extensions ['ignore', 'ignore_ament_install']
[1.191s] Level 1:colcon.colcon_core.package_identification:_identify(/home/athimet/FRA532_Exam) by extension 'ignore'
[1.191s] Level 1:colcon.colcon_core.package_identification:_identify(/home/athimet/FRA532_Exam) by extension 'ignore_ament_install'
[1.191s] Level 1:colcon.colcon_core.package_identification:_identify(/home/athimet/FRA532_Exam) by extensions ['colcon_pkg']
[1.191s] Level 1:colcon.colcon_core.package_identification:_identify(/home/athimet/FRA532_Exam) by extension 'colcon_pkg'
[1.191s] Level 1:colcon.colcon_core.package_identification:_identify(/home/athimet/FRA532_Exam) by extensions ['colcon_meta']
[1.191s] Level 1:colcon.colcon_core.package_identification:_identify(/home/athimet/FRA532_Exam) by extension 'colcon_meta'
[1.191s] Level 1:colcon.colcon_core.package_identification:_identify(/home/athimet/FRA532_Exam) by extensions ['ros']
[1.191s] Level 1:colcon.colcon_core.package_identification:_identify(/home/athimet/FRA532_Exam) by extension 'ros'
[1.203s] Level 1:colcon.colcon_core.package_identification:_identify(/home/athimet/FRA532_Exam) by extensions ['cmake', 'python']
[1.203s] Level 1:colcon.colcon_core.package_identification:_identify(/home/athimet/FRA532_Exam) by extension 'cmake'
[1.203s] Level 1:colcon.colcon_core.package_identification:_identify(/home/athimet/FRA532_Exam) by extension 'python'
[1.203s] Level 1:colcon.colcon_core.package_identification:_identify(/home/athimet/FRA532_Exam) by extensions ['python_setup_py']
[1.203s] Level 1:colcon.colcon_core.package_identification:_identify(/home/athimet/FRA532_Exam) by extension 'python_setup_py'
[1.203s] Level 1:colcon.colcon_core.package_identification:_identify(/home/athimet/FRA532_Exam/BaseController) by extensions ['ignore', 'ignore_ament_install']
[1.203s] Level 1:colcon.colcon_core.package_identification:_identify(/home/athimet/FRA532_Exam/BaseController) by extension 'ignore'
[1.203s] Level 1:colcon.colcon_core.package_identification:_identify(/home/athimet/FRA532_Exam/BaseController) by extension 'ignore_ament_install'
[1.203s] Level 1:colcon.colcon_core.package_identification:_identify(/home/athimet/FRA532_Exam/BaseController) by extensions ['colcon_pkg']
[1.203s] Level 1:colcon.colcon_core.package_identification:_identify(/home/athimet/FRA532_Exam/BaseController) by extension 'colcon_pkg'
[1.203s] Level 1:colcon.colcon_core.package_identification:_identify(/home/athimet/FRA532_Exam/BaseController) by extensions ['colcon_meta']
[1.203s] Level 1:colcon.colcon_core.package_identification:_identify(/home/athimet/FRA532_Exam/BaseController) by extension 'colcon_meta'
[1.203s] Level 1:colcon.colcon_core.package_identification:_identify(/home/athimet/FRA532_Exam/BaseController) by extensions ['ros']
[1.203s] Level 1:colcon.colcon_core.package_identification:_identify(/home/athimet/FRA532_Exam/BaseController) by extension 'ros'
[1.204s] Level 1:colcon.colcon_core.package_identification:_identify(/home/athimet/FRA532_Exam/BaseController) by extensions ['cmake', 'python']
[1.204s] Level 1:colcon.colcon_core.package_identification:_identify(/home/athimet/FRA532_Exam/BaseController) by extension 'cmake'
[1.204s] Level 1:colcon.colcon_core.package_identification:_identify(/home/athimet/FRA532_Exam/BaseController) by extension 'python'
[1.204s] Level 1:colcon.colcon_core.package_identification:_identify(/home/athimet/FRA532_Exam/BaseController) by extensions ['python_setup_py']
[1.204s] Level 1:colcon.colcon_core.package_identification:_identify(/home/athimet/FRA532_Exam/BaseController) by extension 'python_setup_py'
[1.204s] Level 1:colcon.colcon_core.package_identification:_identify(/home/athimet/FRA532_Exam/BaseController/include) by extensions ['ignore', 'ignore_ament_install']
[1.204s] Level 1:colcon.colcon_core.package_identification:_identify(/home/athimet/FRA532_Exam/BaseController/include) by extension 'ignore'
[1.204s] Level 1:colcon.colcon_core.package_identification:_identify(/home/athimet/FRA532_Exam/BaseController/include) by extension 'ignore_ament_install'
[1.204s] Level 1:colcon.colcon_core.package_identification:_identify(/home/athimet/FRA532_Exam/BaseController/include) by extensions ['colcon_pkg']
[1.204s] Level 1:colcon.colcon_core.package_identification:_identify(/home/athimet/FRA532_Exam/BaseController/include) by extension 'colcon_pkg'
[1.204s] Level 1:colcon.colcon_core.package_identification:_identify(/home/athimet/FRA532_Exam/BaseController/include) by extensions ['colcon_meta']
[1.204s] Level 1:colcon.colcon_core.package_identification:_identify(/home/athimet/FRA532_Exam/BaseController/include) by extension 'colcon_meta'
[1.204s] Level 1:colcon.colcon_core.package_identification:_identify(/home/athimet/FRA532_Exam/BaseController/include) by extensions ['ros']
[1.204s] Level 1:colcon.colcon_core.package_identification:_identify(/home/athimet/FRA532_Exam/BaseController/include) by extension 'ros'
[1.204s] Level 1:colcon.colcon_core.package_identification:_identify(/home/athimet/FRA532_Exam/BaseController/include) by extensions ['cmake', 'python']
[1.204s] Level 1:colcon.colcon_core.package_identification:_identify(/home/athimet/FRA532_Exam/BaseController/include) by extension 'cmake'
[1.204s] Level 1:colcon.colcon_core.package_identification:_identify(/home/athimet/FRA532_Exam/BaseController/include) by extension 'python'
[1.204s] Level 1:colcon.colcon_core.package_identification:_identify(/home/athimet/FRA532_Exam/BaseController/include) by extensions ['python_setup_py']
[1.204s] Level 1:colcon.colcon_core.package_identification:_identify(/home/athimet/FRA532_Exam/BaseController/include) by extension 'python_setup_py'
[1.205s] Level 1:colcon.colcon_core.package_identification:_identify(/home/athimet/FRA532_Exam/BaseController/lib) by extensions ['ignore', 'ignore_ament_install']
[1.205s] Level 1:colcon.colcon_core.package_identification:_identify(/home/athimet/FRA532_Exam/BaseController/lib) by extension 'ignore'
[1.205s] Level 1:colcon.colcon_core.package_identification:_identify(/home/athimet/FRA532_Exam/BaseController/lib) by extension 'ignore_ament_install'
[1.205s] Level 1:colcon.colcon_core.package_identification:_identify(/home/athimet/FRA532_Exam/BaseController/lib) by extensions ['colcon_pkg']
[1.205s] Level 1:colcon.colcon_core.package_identification:_identify(/home/athimet/FRA532_Exam/BaseController/lib) by extension 'colcon_pkg'
[1.205s] Level 1:colcon.colcon_core.package_identification:_identify(/home/athimet/FRA532_Exam/BaseController/lib) by extensions ['colcon_meta']
[1.205s] Level 1:colcon.colcon_core.package_identification:_identify(/home/athimet/FRA532_Exam/BaseController/lib) by extension 'colcon_meta'
[1.205s] Level 1:colcon.colcon_core.package_identification:_identify(/home/athimet/FRA532_Exam/BaseController/lib) by extensions ['ros']
[1.205s] Level 1:colcon.colcon_core.package_identification:_identify(/home/athimet/FRA532_Exam/BaseController/lib) by extension 'ros'
[1.205s] Level 1:colcon.colcon_core.package_identification:_identify(/home/athimet/FRA532_Exam/BaseController/lib) by extensions ['cmake', 'python']
[1.205s] Level 1:colcon.colcon_core.package_identification:_identify(/home/athimet/FRA532_Exam/BaseController/lib) by extension 'cmake'
[1.205s] Level 1:colcon.colcon_core.package_identification:_identify(/home/athimet/FRA532_Exam/BaseController/lib) by extension 'python'
[1.205s] Level 1:colcon.colcon_core.package_identification:_identify(/home/athimet/FRA532_Exam/BaseController/lib) by extensions ['python_setup_py']
[1.205s] Level 1:colcon.colcon_core.package_identification:_identify(/home/athimet/FRA532_Exam/BaseController/lib) by extension 'python_setup_py'
[1.205s] Level 1:colcon.colcon_core.package_identification:_identify(/home/athimet/FRA532_Exam/BaseController/src) by extensions ['ignore', 'ignore_ament_install']
[1.205s] Level 1:colcon.colcon_core.package_identification:_identify(/home/athimet/FRA532_Exam/BaseController/src) by extension 'ignore'
[1.205s] Level 1:colcon.colcon_core.package_identification:_identify(/home/athimet/FRA532_Exam/BaseController/src) by extension 'ignore_ament_install'
[1.205s] Level 1:colcon.colcon_core.package_identification:_identify(/home/athimet/FRA532_Exam/BaseController/src) by extensions ['colcon_pkg']
[1.205s] Level 1:colcon.colcon_core.package_identification:_identify(/home/athimet/FRA532_Exam/BaseController/src) by extension 'colcon_pkg'
[1.206s] Level 1:colcon.colcon_core.package_identification:_identify(/home/athimet/FRA532_Exam/BaseController/src) by extensions ['colcon_meta']
[1.206s] Level 1:colcon.colcon_core.package_identification:_identify(/home/athimet/FRA532_Exam/BaseController/src) by extension 'colcon_meta'
[1.206s] Level 1:colcon.colcon_core.package_identification:_identify(/home/athimet/FRA532_Exam/BaseController/src) by extensions ['ros']
[1.206s] Level 1:colcon.colcon_core.package_identification:_identify(/home/athimet/FRA532_Exam/BaseController/src) by extension 'ros'
[1.206s] Level 1:colcon.colcon_core.package_identification:_identify(/home/athimet/FRA532_Exam/BaseController/src) by extensions ['cmake', 'python']
[1.206s] Level 1:colcon.colcon_core.package_identification:_identify(/home/athimet/FRA532_Exam/BaseController/src) by extension 'cmake'
[1.206s] Level 1:colcon.colcon_core.package_identification:_identify(/home/athimet/FRA532_Exam/BaseController/src) by extension 'python'
[1.206s] Level 1:colcon.colcon_core.package_identification:_identify(/home/athimet/FRA532_Exam/BaseController/src) by extensions ['python_setup_py']
[1.206s] Level 1:colcon.colcon_core.package_identification:_identify(/home/athimet/FRA532_Exam/BaseController/src) by extension 'python_setup_py'
[1.206s] Level 1:colcon.colcon_core.package_identification:_identify(/home/athimet/FRA532_Exam/BaseController/test) by extensions ['ignore', 'ignore_ament_install']
[1.206s] Level 1:colcon.colcon_core.package_identification:_identify(/home/athimet/FRA532_Exam/BaseController/test) by extension 'ignore'
[1.206s] Level 1:colcon.colcon_core.package_identification:_identify(/home/athimet/FRA532_Exam/BaseController/test) by extension 'ignore_ament_install'
[1.206s] Level 1:colcon.colcon_core.package_identification:_identify(/home/athimet/FRA532_Exam/BaseController/test) by extensions ['colcon_pkg']
[1.206s] Level 1:colcon.colcon_core.package_identification:_identify(/home/athimet/FRA532_Exam/BaseController/test) by extension 'colcon_pkg'
[1.206s] Level 1:colcon.colcon_core.package_identification:_identify(/home/athimet/FRA532_Exam/BaseController/test) by extensions ['colcon_meta']
[1.206s] Level 1:colcon.colcon_core.package_identification:_identify(/home/athimet/FRA532_Exam/BaseController/test) by extension 'colcon_meta'
[1.206s] Level 1:colcon.colcon_core.package_identification:_identify(/home/athimet/FRA532_Exam/BaseController/test) by extensions ['ros']
[1.206s] Level 1:colcon.colcon_core.package_identification:_identify(/home/athimet/FRA532_Exam/BaseController/test) by extension 'ros'
[1.206s] Level 1:colcon.colcon_core.package_identification:_identify(/home/athimet/FRA532_Exam/BaseController/test) by extensions ['cmake', 'python']
[1.206s] Level 1:colcon.colcon_core.package_identification:_identify(/home/athimet/FRA532_Exam/BaseController/test) by extension 'cmake'
[1.207s] Level 1:colcon.colcon_core.package_identification:_identify(/home/athimet/FRA532_Exam/BaseController/test) by extension 'python'
[1.207s] Level 1:colcon.colcon_core.package_identification:_identify(/home/athimet/FRA532_Exam/BaseController/test) by extensions ['python_setup_py']
[1.207s] Level 1:colcon.colcon_core.package_identification:_identify(/home/athimet/FRA532_Exam/BaseController/test) by extension 'python_setup_py'
[1.207s] Level 1:colcon.colcon_core.package_identification:_identify(/home/athimet/FRA532_Exam/log) by extensions ['ignore', 'ignore_ament_install']
[1.207s] Level 1:colcon.colcon_core.package_identification:_identify(/home/athimet/FRA532_Exam/log) by extension 'ignore'
[1.207s] Level 1:colcon.colcon_core.package_identification:_identify(/home/athimet/FRA532_Exam/log) ignored
[1.207s] Level 1:colcon.colcon_core.package_identification:_identify(/home/athimet/FRA532_Exam/micro-ros_publisher) by extensions ['ignore', 'ignore_ament_install']
[1.207s] Level 1:colcon.colcon_core.package_identification:_identify(/home/athimet/FRA532_Exam/micro-ros_publisher) by extension 'ignore'
[1.207s] Level 1:colcon.colcon_core.package_identification:_identify(/home/athimet/FRA532_Exam/micro-ros_publisher) by extension 'ignore_ament_install'
[1.207s] Level 1:colcon.colcon_core.package_identification:_identify(/home/athimet/FRA532_Exam/micro-ros_publisher) by extensions ['colcon_pkg']
[1.207s] Level 1:colcon.colcon_core.package_identification:_identify(/home/athimet/FRA532_Exam/micro-ros_publisher) by extension 'colcon_pkg'
[1.207s] Level 1:colcon.colcon_core.package_identification:_identify(/home/athimet/FRA532_Exam/micro-ros_publisher) by extensions ['colcon_meta']
[1.207s] Level 1:colcon.colcon_core.package_identification:_identify(/home/athimet/FRA532_Exam/micro-ros_publisher) by extension 'colcon_meta'
[1.207s] Level 1:colcon.colcon_core.package_identification:_identify(/home/athimet/FRA532_Exam/micro-ros_publisher) by extensions ['ros']
[1.207s] Level 1:colcon.colcon_core.package_identification:_identify(/home/athimet/FRA532_Exam/micro-ros_publisher) by extension 'ros'
[1.207s] Level 1:colcon.colcon_core.package_identification:_identify(/home/athimet/FRA532_Exam/micro-ros_publisher) by extensions ['cmake', 'python']
[1.208s] Level 1:colcon.colcon_core.package_identification:_identify(/home/athimet/FRA532_Exam/micro-ros_publisher) by extension 'cmake'
[1.208s] Level 1:colcon.colcon_core.package_identification:_identify(/home/athimet/FRA532_Exam/micro-ros_publisher) by extension 'python'
[1.208s] Level 1:colcon.colcon_core.package_identification:_identify(/home/athimet/FRA532_Exam/micro-ros_publisher) by extensions ['python_setup_py']
[1.208s] Level 1:colcon.colcon_core.package_identification:_identify(/home/athimet/FRA532_Exam/micro-ros_publisher) by extension 'python_setup_py'
[1.208s] Level 1:colcon.colcon_core.package_identification:_identify(/home/athimet/FRA532_Exam/micro-ros_publisher/src) by extensions ['ignore', 'ignore_ament_install']
[1.208s] Level 1:colcon.colcon_core.package_identification:_identify(/home/athimet/FRA532_Exam/micro-ros_publisher/src) by extension 'ignore'
[1.208s] Level 1:colcon.colcon_core.package_identification:_identify(/home/athimet/FRA532_Exam/micro-ros_publisher/src) by extension 'ignore_ament_install'
[1.208s] Level 1:colcon.colcon_core.package_identification:_identify(/home/athimet/FRA532_Exam/micro-ros_publisher/src) by extensions ['colcon_pkg']
[1.208s] Level 1:colcon.colcon_core.package_identification:_identify(/home/athimet/FRA532_Exam/micro-ros_publisher/src) by extension 'colcon_pkg'
[1.208s] Level 1:colcon.colcon_core.package_identification:_identify(/home/athimet/FRA532_Exam/micro-ros_publisher/src) by extensions ['colcon_meta']
[1.208s] Level 1:colcon.colcon_core.package_identification:_identify(/home/athimet/FRA532_Exam/micro-ros_publisher/src) by extension 'colcon_meta'
[1.208s] Level 1:colcon.colcon_core.package_identification:_identify(/home/athimet/FRA532_Exam/micro-ros_publisher/src) by extensions ['ros']
[1.208s] Level 1:colcon.colcon_core.package_identification:_identify(/home/athimet/FRA532_Exam/micro-ros_publisher/src) by extension 'ros'
[1.209s] Level 1:colcon.colcon_core.package_identification:_identify(/home/athimet/FRA532_Exam/micro-ros_publisher/src) by extensions ['cmake', 'python']
[1.209s] Level 1:colcon.colcon_core.package_identification:_identify(/home/athimet/FRA532_Exam/micro-ros_publisher/src) by extension 'cmake'
[1.209s] Level 1:colcon.colcon_core.package_identification:_identify(/home/athimet/FRA532_Exam/micro-ros_publisher/src) by extension 'python'
[1.209s] Level 1:colcon.colcon_core.package_identification:_identify(/home/athimet/FRA532_Exam/micro-ros_publisher/src) by extensions ['python_setup_py']
[1.209s] Level 1:colcon.colcon_core.package_identification:_identify(/home/athimet/FRA532_Exam/micro-ros_publisher/src) by extension 'python_setup_py'
[1.209s] Level 1:colcon.colcon_core.package_identification:_identify(/home/athimet/FRA532_Exam/src) by extensions ['ignore', 'ignore_ament_install']
[1.209s] Level 1:colcon.colcon_core.package_identification:_identify(/home/athimet/FRA532_Exam/src) by extension 'ignore'
[1.209s] Level 1:colcon.colcon_core.package_identification:_identify(/home/athimet/FRA532_Exam/src) by extension 'ignore_ament_install'
[1.209s] Level 1:colcon.colcon_core.package_identification:_identify(/home/athimet/FRA532_Exam/src) by extensions ['colcon_pkg']
[1.209s] Level 1:colcon.colcon_core.package_identification:_identify(/home/athimet/FRA532_Exam/src) by extension 'colcon_pkg'
[1.209s] Level 1:colcon.colcon_core.package_identification:_identify(/home/athimet/FRA532_Exam/src) by extensions ['colcon_meta']
[1.209s] Level 1:colcon.colcon_core.package_identification:_identify(/home/athimet/FRA532_Exam/src) by extension 'colcon_meta'
[1.209s] Level 1:colcon.colcon_core.package_identification:_identify(/home/athimet/FRA532_Exam/src) by extensions ['ros']
[1.209s] Level 1:colcon.colcon_core.package_identification:_identify(/home/athimet/FRA532_Exam/src) by extension 'ros'
[1.209s] Level 1:colcon.colcon_core.package_identification:_identify(/home/athimet/FRA532_Exam/src) by extensions ['cmake', 'python']
[1.210s] Level 1:colcon.colcon_core.package_identification:_identify(/home/athimet/FRA532_Exam/src) by extension 'cmake'
[1.210s] Level 1:colcon.colcon_core.package_identification:_identify(/home/athimet/FRA532_Exam/src) by extension 'python'
[1.210s] Level 1:colcon.colcon_core.package_identification:_identify(/home/athimet/FRA532_Exam/src) by extensions ['python_setup_py']
[1.210s] Level 1:colcon.colcon_core.package_identification:_identify(/home/athimet/FRA532_Exam/src) by extension 'python_setup_py'
[1.210s] Level 1:colcon.colcon_core.package_identification:_identify(/home/athimet/FRA532_Exam/src/micro_ros_setup) by extensions ['ignore', 'ignore_ament_install']
[1.210s] Level 1:colcon.colcon_core.package_identification:_identify(/home/athimet/FRA532_Exam/src/micro_ros_setup) by extension 'ignore'
[1.210s] Level 1:colcon.colcon_core.package_identification:_identify(/home/athimet/FRA532_Exam/src/micro_ros_setup) by extension 'ignore_ament_install'
[1.210s] Level 1:colcon.colcon_core.package_identification:_identify(/home/athimet/FRA532_Exam/src/micro_ros_setup) by extensions ['colcon_pkg']
[1.210s] Level 1:colcon.colcon_core.package_identification:_identify(/home/athimet/FRA532_Exam/src/micro_ros_setup) by extension 'colcon_pkg'
[1.210s] Level 1:colcon.colcon_core.package_identification:_identify(/home/athimet/FRA532_Exam/src/micro_ros_setup) by extensions ['colcon_meta']
[1.210s] Level 1:colcon.colcon_core.package_identification:_identify(/home/athimet/FRA532_Exam/src/micro_ros_setup) by extension 'colcon_meta'
[1.210s] Level 1:colcon.colcon_core.package_identification:_identify(/home/athimet/FRA532_Exam/src/micro_ros_setup) by extensions ['ros']
[1.210s] Level 1:colcon.colcon_core.package_identification:_identify(/home/athimet/FRA532_Exam/src/micro_ros_setup) by extension 'ros'
[1.213s] DEBUG:colcon.colcon_core.package_identification:Package '/home/athimet/FRA532_Exam/src/micro_ros_setup' with type 'ros.ament_cmake' and name 'micro_ros_setup'
[1.213s] Level 1:colcon.colcon_core.package_identification:_identify(/home/athimet/FRA532_Exam/src/uros) by extensions ['ignore', 'ignore_ament_install']
[1.214s] Level 1:colcon.colcon_core.package_identification:_identify(/home/athimet/FRA532_Exam/src/uros) by extension 'ignore'
[1.214s] Level 1:colcon.colcon_core.package_identification:_identify(/home/athimet/FRA532_Exam/src/uros) by extension 'ignore_ament_install'
[1.214s] Level 1:colcon.colcon_core.package_identification:_identify(/home/athimet/FRA532_Exam/src/uros) by extensions ['colcon_pkg']
[1.214s] Level 1:colcon.colcon_core.package_identification:_identify(/home/athimet/FRA532_Exam/src/uros) by extension 'colcon_pkg'
[1.214s] Level 1:colcon.colcon_core.package_identification:_identify(/home/athimet/FRA532_Exam/src/uros) by extensions ['colcon_meta']
[1.214s] Level 1:colcon.colcon_core.package_identification:_identify(/home/athimet/FRA532_Exam/src/uros) by extension 'colcon_meta'
[1.214s] Level 1:colcon.colcon_core.package_identification:_identify(/home/athimet/FRA532_Exam/src/uros) by extensions ['ros']
[1.214s] Level 1:colcon.colcon_core.package_identification:_identify(/home/athimet/FRA532_Exam/src/uros) by extension 'ros'
[1.214s] Level 1:colcon.colcon_core.package_identification:_identify(/home/athimet/FRA532_Exam/src/uros) by extensions ['cmake', 'python']
[1.214s] Level 1:colcon.colcon_core.package_identification:_identify(/home/athimet/FRA532_Exam/src/uros) by extension 'cmake'
[1.214s] Level 1:colcon.colcon_core.package_identification:_identify(/home/athimet/FRA532_Exam/src/uros) by extension 'python'
[1.214s] Level 1:colcon.colcon_core.package_identification:_identify(/home/athimet/FRA532_Exam/src/uros) by extensions ['python_setup_py']
[1.214s] Level 1:colcon.colcon_core.package_identification:_identify(/home/athimet/FRA532_Exam/src/uros) by extension 'python_setup_py'
[1.214s] Level 1:colcon.colcon_core.package_identification:_identify(/home/athimet/FRA532_Exam/src/uros/micro-ROS-Agent) by extensions ['ignore', 'ignore_ament_install']
[1.214s] Level 1:colcon.colcon_core.package_identification:_identify(/home/athimet/FRA532_Exam/src/uros/micro-ROS-Agent) by extension 'ignore'
[1.215s] Level 1:colcon.colcon_core.package_identification:_identify(/home/athimet/FRA532_Exam/src/uros/micro-ROS-Agent) by extension 'ignore_ament_install'
[1.215s] Level 1:colcon.colcon_core.package_identification:_identify(/home/athimet/FRA532_Exam/src/uros/micro-ROS-Agent) by extensions ['colcon_pkg']
[1.215s] Level 1:colcon.colcon_core.package_identification:_identify(/home/athimet/FRA532_Exam/src/uros/micro-ROS-Agent) by extension 'colcon_pkg'
[1.215s] Level 1:colcon.colcon_core.package_identification:_identify(/home/athimet/FRA532_Exam/src/uros/micro-ROS-Agent) by extensions ['colcon_meta']
[1.215s] Level 1:colcon.colcon_core.package_identification:_identify(/home/athimet/FRA532_Exam/src/uros/micro-ROS-Agent) by extension 'colcon_meta'
[1.215s] Level 1:colcon.colcon_core.package_identification:_identify(/home/athimet/FRA532_Exam/src/uros/micro-ROS-Agent) by extensions ['ros']
[1.215s] Level 1:colcon.colcon_core.package_identification:_identify(/home/athimet/FRA532_Exam/src/uros/micro-ROS-Agent) by extension 'ros'
[1.215s] Level 1:colcon.colcon_core.package_identification:_identify(/home/athimet/FRA532_Exam/src/uros/micro-ROS-Agent) by extensions ['cmake', 'python']
[1.215s] Level 1:colcon.colcon_core.package_identification:_identify(/home/athimet/FRA532_Exam/src/uros/micro-ROS-Agent) by extension 'cmake'
[1.215s] Level 1:colcon.colcon_core.package_identification:_identify(/home/athimet/FRA532_Exam/src/uros/micro-ROS-Agent) by extension 'python'
[1.215s] Level 1:colcon.colcon_core.package_identification:_identify(/home/athimet/FRA532_Exam/src/uros/micro-ROS-Agent) by extensions ['python_setup_py']
[1.215s] Level 1:colcon.colcon_core.package_identification:_identify(/home/athimet/FRA532_Exam/src/uros/micro-ROS-Agent) by extension 'python_setup_py'
[1.215s] Level 1:colcon.colcon_core.package_identification:_identify(/home/athimet/FRA532_Exam/src/uros/micro-ROS-Agent/micro_ros_agent) by extensions ['ignore', 'ignore_ament_install']
[1.215s] Level 1:colcon.colcon_core.package_identification:_identify(/home/athimet/FRA532_Exam/src/uros/micro-ROS-Agent/micro_ros_agent) by extension 'ignore'
[1.215s] Level 1:colcon.colcon_core.package_identification:_identify(/home/athimet/FRA532_Exam/src/uros/micro-ROS-Agent/micro_ros_agent) by extension 'ignore_ament_install'
[1.215s] Level 1:colcon.colcon_core.package_identification:_identify(/home/athimet/FRA532_Exam/src/uros/micro-ROS-Agent/micro_ros_agent) by extensions ['colcon_pkg']
[1.215s] Level 1:colcon.colcon_core.package_identification:_identify(/home/athimet/FRA532_Exam/src/uros/micro-ROS-Agent/micro_ros_agent) by extension 'colcon_pkg'
[1.215s] Level 1:colcon.colcon_core.package_identification:_identify(/home/athimet/FRA532_Exam/src/uros/micro-ROS-Agent/micro_ros_agent) by extensions ['colcon_meta']
[1.215s] Level 1:colcon.colcon_core.package_identification:_identify(/home/athimet/FRA532_Exam/src/uros/micro-ROS-Agent/micro_ros_agent) by extension 'colcon_meta'
[1.215s] Level 1:colcon.colcon_core.package_identification:_identify(/home/athimet/FRA532_Exam/src/uros/micro-ROS-Agent/micro_ros_agent) by extensions ['ros']
[1.215s] Level 1:colcon.colcon_core.package_identification:_identify(/home/athimet/FRA532_Exam/src/uros/micro-ROS-Agent/micro_ros_agent) by extension 'ros'
[1.217s] DEBUG:colcon.colcon_core.package_identification:Package '/home/athimet/FRA532_Exam/src/uros/micro-ROS-Agent/micro_ros_agent' with type 'ros.ament_cmake' and name 'micro_ros_agent'
[1.217s] Level 1:colcon.colcon_core.package_identification:_identify(/home/athimet/FRA532_Exam/src/uros/micro-ROS-Agent/snap) by extensions ['ignore', 'ignore_ament_install']
[1.217s] Level 1:colcon.colcon_core.package_identification:_identify(/home/athimet/FRA532_Exam/src/uros/micro-ROS-Agent/snap) by extension 'ignore'
[1.217s] Level 1:colcon.colcon_core.package_identification:_identify(/home/athimet/FRA532_Exam/src/uros/micro-ROS-Agent/snap) by extension 'ignore_ament_install'
[1.217s] Level 1:colcon.colcon_core.package_identification:_identify(/home/athimet/FRA532_Exam/src/uros/micro-ROS-Agent/snap) by extensions ['colcon_pkg']
[1.217s] Level 1:colcon.colcon_core.package_identification:_identify(/home/athimet/FRA532_Exam/src/uros/micro-ROS-Agent/snap) by extension 'colcon_pkg'
[1.217s] Level 1:colcon.colcon_core.package_identification:_identify(/home/athimet/FRA532_Exam/src/uros/micro-ROS-Agent/snap) by extensions ['colcon_meta']
[1.217s] Level 1:colcon.colcon_core.package_identification:_identify(/home/athimet/FRA532_Exam/src/uros/micro-ROS-Agent/snap) by extension 'colcon_meta'
[1.217s] Level 1:colcon.colcon_core.package_identification:_identify(/home/athimet/FRA532_Exam/src/uros/micro-ROS-Agent/snap) by extensions ['ros']
[1.217s] Level 1:colcon.colcon_core.package_identification:_identify(/home/athimet/FRA532_Exam/src/uros/micro-ROS-Agent/snap) by extension 'ros'
[1.218s] Level 1:colcon.colcon_core.package_identification:_identify(/home/athimet/FRA532_Exam/src/uros/micro-ROS-Agent/snap) by extensions ['cmake', 'python']
[1.218s] Level 1:colcon.colcon_core.package_identification:_identify(/home/athimet/FRA532_Exam/src/uros/micro-ROS-Agent/snap) by extension 'cmake'
[1.218s] Level 1:colcon.colcon_core.package_identification:_identify(/home/athimet/FRA532_Exam/src/uros/micro-ROS-Agent/snap) by extension 'python'
[1.218s] Level 1:colcon.colcon_core.package_identification:_identify(/home/athimet/FRA532_Exam/src/uros/micro-ROS-Agent/snap) by extensions ['python_setup_py']
[1.218s] Level 1:colcon.colcon_core.package_identification:_identify(/home/athimet/FRA532_Exam/src/uros/micro-ROS-Agent/snap) by extension 'python_setup_py'
[1.218s] Level 1:colcon.colcon_core.package_identification:_identify(/home/athimet/FRA532_Exam/src/uros/micro-ROS-Agent/snap/hooks) by extensions ['ignore', 'ignore_ament_install']
[1.218s] Level 1:colcon.colcon_core.package_identification:_identify(/home/athimet/FRA532_Exam/src/uros/micro-ROS-Agent/snap/hooks) by extension 'ignore'
[1.218s] Level 1:colcon.colcon_core.package_identification:_identify(/home/athimet/FRA532_Exam/src/uros/micro-ROS-Agent/snap/hooks) by extension 'ignore_ament_install'
[1.218s] Level 1:colcon.colcon_core.package_identification:_identify(/home/athimet/FRA532_Exam/src/uros/micro-ROS-Agent/snap/hooks) by extensions ['colcon_pkg']
[1.218s] Level 1:colcon.colcon_core.package_identification:_identify(/home/athimet/FRA532_Exam/src/uros/micro-ROS-Agent/snap/hooks) by extension 'colcon_pkg'
[1.218s] Level 1:colcon.colcon_core.package_identification:_identify(/home/athimet/FRA532_Exam/src/uros/micro-ROS-Agent/snap/hooks) by extensions ['colcon_meta']
[1.218s] Level 1:colcon.colcon_core.package_identification:_identify(/home/athimet/FRA532_Exam/src/uros/micro-ROS-Agent/snap/hooks) by extension 'colcon_meta'
[1.218s] Level 1:colcon.colcon_core.package_identification:_identify(/home/athimet/FRA532_Exam/src/uros/micro-ROS-Agent/snap/hooks) by extensions ['ros']
[1.219s] Level 1:colcon.colcon_core.package_identification:_identify(/home/athimet/FRA532_Exam/src/uros/micro-ROS-Agent/snap/hooks) by extension 'ros'
[1.219s] Level 1:colcon.colcon_core.package_identification:_identify(/home/athimet/FRA532_Exam/src/uros/micro-ROS-Agent/snap/hooks) by extensions ['cmake', 'python']
[1.219s] Level 1:colcon.colcon_core.package_identification:_identify(/home/athimet/FRA532_Exam/src/uros/micro-ROS-Agent/snap/hooks) by extension 'cmake'
[1.219s] Level 1:colcon.colcon_core.package_identification:_identify(/home/athimet/FRA532_Exam/src/uros/micro-ROS-Agent/snap/hooks) by extension 'python'
[1.219s] Level 1:colcon.colcon_core.package_identification:_identify(/home/athimet/FRA532_Exam/src/uros/micro-ROS-Agent/snap/hooks) by extensions ['python_setup_py']
[1.219s] Level 1:colcon.colcon_core.package_identification:_identify(/home/athimet/FRA532_Exam/src/uros/micro-ROS-Agent/snap/hooks) by extension 'python_setup_py'
[1.219s] Level 1:colcon.colcon_core.package_identification:_identify(/home/athimet/FRA532_Exam/src/uros/micro-ROS-Agent/snap/local) by extensions ['ignore', 'ignore_ament_install']
[1.219s] Level 1:colcon.colcon_core.package_identification:_identify(/home/athimet/FRA532_Exam/src/uros/micro-ROS-Agent/snap/local) by extension 'ignore'
[1.219s] Level 1:colcon.colcon_core.package_identification:_identify(/home/athimet/FRA532_Exam/src/uros/micro-ROS-Agent/snap/local) by extension 'ignore_ament_install'
[1.219s] Level 1:colcon.colcon_core.package_identification:_identify(/home/athimet/FRA532_Exam/src/uros/micro-ROS-Agent/snap/local) by extensions ['colcon_pkg']
[1.219s] Level 1:colcon.colcon_core.package_identification:_identify(/home/athimet/FRA532_Exam/src/uros/micro-ROS-Agent/snap/local) by extension 'colcon_pkg'
[1.219s] Level 1:colcon.colcon_core.package_identification:_identify(/home/athimet/FRA532_Exam/src/uros/micro-ROS-Agent/snap/local) by extensions ['colcon_meta']
[1.220s] Level 1:colcon.colcon_core.package_identification:_identify(/home/athimet/FRA532_Exam/src/uros/micro-ROS-Agent/snap/local) by extension 'colcon_meta'
[1.220s] Level 1:colcon.colcon_core.package_identification:_identify(/home/athimet/FRA532_Exam/src/uros/micro-ROS-Agent/snap/local) by extensions ['ros']
[1.220s] Level 1:colcon.colcon_core.package_identification:_identify(/home/athimet/FRA532_Exam/src/uros/micro-ROS-Agent/snap/local) by extension 'ros'
[1.220s] Level 1:colcon.colcon_core.package_identification:_identify(/home/athimet/FRA532_Exam/src/uros/micro-ROS-Agent/snap/local) by extensions ['cmake', 'python']
[1.220s] Level 1:colcon.colcon_core.package_identification:_identify(/home/athimet/FRA532_Exam/src/uros/micro-ROS-Agent/snap/local) by extension 'cmake'
[1.220s] Level 1:colcon.colcon_core.package_identification:_identify(/home/athimet/FRA532_Exam/src/uros/micro-ROS-Agent/snap/local) by extension 'python'
[1.220s] Level 1:colcon.colcon_core.package_identification:_identify(/home/athimet/FRA532_Exam/src/uros/micro-ROS-Agent/snap/local) by extensions ['python_setup_py']
[1.220s] Level 1:colcon.colcon_core.package_identification:_identify(/home/athimet/FRA532_Exam/src/uros/micro-ROS-Agent/snap/local) by extension 'python_setup_py'
[1.220s] Level 1:colcon.colcon_core.package_identification:_identify(/home/athimet/FRA532_Exam/src/uros/micro_ros_msgs) by extensions ['ignore', 'ignore_ament_install']
[1.220s] Level 1:colcon.colcon_core.package_identification:_identify(/home/athimet/FRA532_Exam/src/uros/micro_ros_msgs) by extension 'ignore'
[1.220s] Level 1:colcon.colcon_core.package_identification:_identify(/home/athimet/FRA532_Exam/src/uros/micro_ros_msgs) by extension 'ignore_ament_install'
[1.220s] Level 1:colcon.colcon_core.package_identification:_identify(/home/athimet/FRA532_Exam/src/uros/micro_ros_msgs) by extensions ['colcon_pkg']
[1.220s] Level 1:colcon.colcon_core.package_identification:_identify(/home/athimet/FRA532_Exam/src/uros/micro_ros_msgs) by extension 'colcon_pkg'
[1.221s] Level 1:colcon.colcon_core.package_identification:_identify(/home/athimet/FRA532_Exam/src/uros/micro_ros_msgs) by extensions ['colcon_meta']
[1.221s] Level 1:colcon.colcon_core.package_identification:_identify(/home/athimet/FRA532_Exam/src/uros/micro_ros_msgs) by extension 'colcon_meta'
[1.221s] Level 1:colcon.colcon_core.package_identification:_identify(/home/athimet/FRA532_Exam/src/uros/micro_ros_msgs) by extensions ['ros']
[1.221s] Level 1:colcon.colcon_core.package_identification:_identify(/home/athimet/FRA532_Exam/src/uros/micro_ros_msgs) by extension 'ros'
[1.221s] DEBUG:colcon.colcon_core.package_identification:Package '/home/athimet/FRA532_Exam/src/uros/micro_ros_msgs' with type 'ros.ament_cmake' and name 'micro_ros_msgs'
[1.222s] Level 1:colcon.colcon_core.package_discovery:discover_packages(recursive) using defaults
